<?xml version="1.0" encoding="UTF-8"?>
<!-- Generated by org.testng.reporters.JUnitXMLReporter -->
<testsuite hostname="GLB5450" name="Default test" tests="4" failures="0" timestamp="3 Mar 2015 18:05:28 GMT" time="287.605" errors="0">
  <testcase name="errorSignIn" time="32.694" classname="com.globant.training.tests.Tests"/>
  <testcase name="logout" time="56.963" classname="com.globant.training.tests.Tests"/>
  <testcase name="search" time="44.5" classname="com.globant.training.tests.Tests"/>
  <testcase name="signIn" time="35.853" classname="com.globant.training.tests.Tests"/>
</testsuite> <!-- Default test -->
