<?xml version="1.0" encoding="UTF-8"?>
<testng-results skipped="0" failed="0" total="1" passed="1">
  <reporter-output>
  </reporter-output>
  <suite name="Default suite" duration-ms="70602" started-at="2015-03-03T15:37:59Z" finished-at="2015-03-03T15:39:10Z">
    <groups>
    </groups>
    <test name="Default test" duration-ms="70602" started-at="2015-03-03T15:37:59Z" finished-at="2015-03-03T15:39:10Z">
      <class name="com.globant.training.tests.Tests">
        <test-method status="PASS" signature="before()[pri:0, instance:com.globant.training.tests.Tests@884142]" name="before" is-config="true" duration-ms="27167" started-at="2015-03-03T12:37:59Z" finished-at="2015-03-03T12:38:26Z">
          <reporter-output>
          </reporter-output>
        </test-method> <!-- before -->
        <test-method status="PASS" signature="search()[pri:0, instance:com.globant.training.tests.Tests@884142]" name="search" duration-ms="42831" started-at="2015-03-03T12:38:26Z" finished-at="2015-03-03T12:39:09Z">
          <reporter-output>
          </reporter-output>
        </test-method> <!-- search -->
        <test-method status="PASS" signature="after()[pri:0, instance:com.globant.training.tests.Tests@884142]" name="after" is-config="true" duration-ms="582" started-at="2015-03-03T12:39:09Z" finished-at="2015-03-03T12:39:10Z">
          <reporter-output>
          </reporter-output>
        </test-method> <!-- after -->
      </class> <!-- com.globant.training.tests.Tests -->
    </test> <!-- Default test -->
  </suite> <!-- Default suite -->
</testng-results>
