<?xml version="1.0" encoding="UTF-8"?>
<!-- Generated by org.testng.reporters.JUnitXMLReporter -->
<testsuite hostname="GLB5450" name="Default test" tests="6" failures="0" timestamp="2 Mar 2015 14:31:47 GMT" time="96.539" errors="0">
  <testcase name="calendar" time="5.446" classname="matias_caruso.training.globant.com.matias_caruso_mod0_ej1.tests.Tests"/>
  <testcase name="contact" time="13.398" classname="matias_caruso.training.globant.com.matias_caruso_mod0_ej1.tests.Tests"/>
  <testcase name="date" time="2.817" classname="matias_caruso.training.globant.com.matias_caruso_mod0_ej1.tests.Tests"/>
  <testcase name="testSearch" time="2.803" classname="matias_caruso.training.globant.com.matias_caruso_mod0_ej1.tests.Tests"/>
  <testcase name="testTitle" time="0.026" classname="matias_caruso.training.globant.com.matias_caruso_mod0_ej1.tests.Tests"/>
  <testcase name="validation" time="17.385" classname="matias_caruso.training.globant.com.matias_caruso_mod0_ej1.tests.Tests"/>
</testsuite> <!-- Default test -->
