<?xml version="1.0" encoding="UTF-8"?>
<testng-results skipped="0" failed="0" total="1" passed="1">
  <reporter-output>
  </reporter-output>
  <suite name="Default suite" duration-ms="15290" started-at="2015-03-02T13:04:29Z" finished-at="2015-03-02T13:04:44Z">
    <groups>
    </groups>
    <test name="Default test" duration-ms="15290" started-at="2015-03-02T13:04:29Z" finished-at="2015-03-02T13:04:44Z">
      <class name="matias_caruso.training.globant.com.matias_caruso_mod0_ej1.tests.Tests">
        <test-method status="PASS" signature="before()[pri:0, instance:matias_caruso.training.globant.com.matias_caruso_mod0_ej1.tests.Tests@7e9505]" name="before" is-config="true" duration-ms="9628" started-at="2015-03-02T10:04:29Z" finished-at="2015-03-02T10:04:39Z">
          <reporter-output>
          </reporter-output>
        </test-method> <!-- before -->
        <test-method status="PASS" signature="calendar()[pri:0, instance:matias_caruso.training.globant.com.matias_caruso_mod0_ej1.tests.Tests@7e9505]" name="calendar" duration-ms="5373" started-at="2015-03-02T10:04:39Z" finished-at="2015-03-02T10:04:44Z">
          <reporter-output>
          </reporter-output>
        </test-method> <!-- calendar -->
        <test-method status="PASS" signature="after()[pri:0, instance:matias_caruso.training.globant.com.matias_caruso_mod0_ej1.tests.Tests@7e9505]" name="after" is-config="true" duration-ms="272" started-at="2015-03-02T10:04:44Z" finished-at="2015-03-02T10:04:44Z">
          <reporter-output>
          </reporter-output>
        </test-method> <!-- after -->
      </class> <!-- matias_caruso.training.globant.com.matias_caruso_mod0_ej1.tests.Tests -->
    </test> <!-- Default test -->
  </suite> <!-- Default suite -->
</testng-results>
