<?xml version="1.0" encoding="UTF-8"?>
<testng-results skipped="0" failed="0" total="1" passed="1">
  <reporter-output>
  </reporter-output>
  <suite name="Default suite" duration-ms="14551" started-at="2015-02-27T19:34:50Z" finished-at="2015-02-27T19:35:05Z">
    <groups>
    </groups>
    <test name="Default test" duration-ms="14551" started-at="2015-02-27T19:34:50Z" finished-at="2015-02-27T19:35:05Z">
      <class name="matias_caruso.training.globant.com.matias_caruso_mod0_ej1.tests.Tests">
        <test-method status="PASS" signature="before()[pri:0, instance:matias_caruso.training.globant.com.matias_caruso_mod0_ej1.tests.Tests@10fe215]" name="before" is-config="true" duration-ms="11305" started-at="2015-02-27T16:34:50Z" finished-at="2015-02-27T16:35:01Z">
          <reporter-output>
          </reporter-output>
        </test-method> <!-- before -->
        <test-method status="PASS" signature="date()[pri:0, instance:matias_caruso.training.globant.com.matias_caruso_mod0_ej1.tests.Tests@10fe215]" name="date" duration-ms="2846" started-at="2015-02-27T16:35:01Z" finished-at="2015-02-27T16:35:04Z">
          <reporter-output>
          </reporter-output>
        </test-method> <!-- date -->
        <test-method status="PASS" signature="after()[pri:0, instance:matias_caruso.training.globant.com.matias_caruso_mod0_ej1.tests.Tests@10fe215]" name="after" is-config="true" duration-ms="378" started-at="2015-02-27T16:35:04Z" finished-at="2015-02-27T16:35:05Z">
          <reporter-output>
          </reporter-output>
        </test-method> <!-- after -->
      </class> <!-- matias_caruso.training.globant.com.matias_caruso_mod0_ej1.tests.Tests -->
    </test> <!-- Default test -->
  </suite> <!-- Default suite -->
</testng-results>
